<?xml version="1.0" encoding="UTF-8"?>
<!-- Generated by org.testng.reporters.JUnitReportReporter -->
<testsuite hostname="User" failures="0" tests="2" name="basicTest.LoginPageValidation" time="13.941" errors="0" timestamp="2022-01-21T17:14:18 IST" skipped="0">
  <testcase classname="basicTest.LoginPageValidation" name="UIDerrorvalidation" time="6.380"/>
  <system-out/>
  <testcase classname="basicTest.LoginPageValidation" name="PasswordErrorValidation" time="7.561"/>
  <system-out/>
</testsuite> <!-- basicTest.LoginPageValidation -->
